<?xml version="1.0" encoding="UTF-8"?>
<testsuite xmlns:xsi="http://www.w3.org/2001/XMLSchema-instance" xsi:noNamespaceSchemaLocation="https://maven.apache.org/surefire/maven-surefire-plugin/xsd/surefire-test-report.xsd" name="com.javbus.server.AppTest" time="0.024" tests="1" errors="0" skipped="0" failures="0">
  <properties>
    <property name="sun.desktop" value="windows"/>
    <property name="awt.toolkit" value="sun.awt.windows.WToolkit"/>
    <property name="file.encoding.pkg" value="sun.io"/>
    <property name="java.specification.version" value="1.8"/>
    <property name="sun.cpu.isalist" value="amd64"/>
    <property name="sun.jnu.encoding" value="GBK"/>
    <property name="java.class.path" value="E:\project_springCloud\server\target\test-classes;E:\project_springCloud\server\target\classes;E:\project_springCloud\common\target\common-0.0.1-SNAPSHOT.jar;E:\java\MyLocalRepository\org\springframework\boot\spring-boot-starter-jdbc\2.1.1.RELEASE\spring-boot-starter-jdbc-2.1.1.RELEASE.jar;E:\java\MyLocalRepository\org\springframework\boot\spring-boot-starter\2.1.1.RELEASE\spring-boot-starter-2.1.1.RELEASE.jar;E:\java\MyLocalRepository\org\springframework\boot\spring-boot\2.1.1.RELEASE\spring-boot-2.1.1.RELEASE.jar;E:\java\MyLocalRepository\org\springframework\boot\spring-boot-starter-logging\2.1.1.RELEASE\spring-boot-starter-logging-2.1.1.RELEASE.jar;E:\java\MyLocalRepository\ch\qos\logback\logback-classic\1.2.3\logback-classic-1.2.3.jar;E:\java\MyLocalRepository\ch\qos\logback\logback-core\1.2.3\logback-core-1.2.3.jar;E:\java\MyLocalRepository\org\apache\logging\log4j\log4j-to-slf4j\2.11.1\log4j-to-slf4j-2.11.1.jar;E:\java\MyLocalRepository\org\apache\logging\log4j\log4j-api\2.11.1\log4j-api-2.11.1.jar;E:\java\MyLocalRepository\org\slf4j\jul-to-slf4j\1.7.25\jul-to-slf4j-1.7.25.jar;E:\java\MyLocalRepository\javax\annotation\javax.annotation-api\1.3.2\javax.annotation-api-1.3.2.jar;E:\java\MyLocalRepository\org\springframework\spring-core\5.1.3.RELEASE\spring-core-5.1.3.RELEASE.jar;E:\java\MyLocalRepository\org\springframework\spring-jcl\5.1.3.RELEASE\spring-jcl-5.1.3.RELEASE.jar;E:\java\MyLocalRepository\org\yaml\snakeyaml\1.23\snakeyaml-1.23.jar;E:\java\MyLocalRepository\com\zaxxer\HikariCP\3.2.0\HikariCP-3.2.0.jar;E:\java\MyLocalRepository\org\springframework\spring-jdbc\5.1.3.RELEASE\spring-jdbc-5.1.3.RELEASE.jar;E:\java\MyLocalRepository\org\springframework\spring-beans\5.1.3.RELEASE\spring-beans-5.1.3.RELEASE.jar;E:\java\MyLocalRepository\org\springframework\spring-tx\5.1.3.RELEASE\spring-tx-5.1.3.RELEASE.jar;E:\java\MyLocalRepository\org\projectlombok\lombok\1.18.4\lombok-1.18.4.jar;E:\java\MyLocalRepository\com\alibaba\fastjson\1.2.60\fastjson-1.2.60.jar;E:\java\MyLocalRepository\mysql\mysql-connector-java\8.0.18\mysql-connector-java-8.0.18.jar;E:\java\MyLocalRepository\com\google\protobuf\protobuf-java\3.6.1\protobuf-java-3.6.1.jar;E:\java\MyLocalRepository\junit\junit\4.12\junit-4.12.jar;E:\java\MyLocalRepository\org\hamcrest\hamcrest-core\1.3\hamcrest-core-1.3.jar;E:\java\MyLocalRepository\org\springframework\boot\spring-boot-starter-web\2.1.1.RELEASE\spring-boot-starter-web-2.1.1.RELEASE.jar;E:\java\MyLocalRepository\org\springframework\boot\spring-boot-starter-json\2.1.1.RELEASE\spring-boot-starter-json-2.1.1.RELEASE.jar;E:\java\MyLocalRepository\com\fasterxml\jackson\core\jackson-databind\2.9.7\jackson-databind-2.9.7.jar;E:\java\MyLocalRepository\com\fasterxml\jackson\core\jackson-annotations\2.9.0\jackson-annotations-2.9.0.jar;E:\java\MyLocalRepository\com\fasterxml\jackson\core\jackson-core\2.9.7\jackson-core-2.9.7.jar;E:\java\MyLocalRepository\com\fasterxml\jackson\datatype\jackson-datatype-jdk8\2.9.7\jackson-datatype-jdk8-2.9.7.jar;E:\java\MyLocalRepository\com\fasterxml\jackson\datatype\jackson-datatype-jsr310\2.9.7\jackson-datatype-jsr310-2.9.7.jar;E:\java\MyLocalRepository\com\fasterxml\jackson\module\jackson-module-parameter-names\2.9.7\jackson-module-parameter-names-2.9.7.jar;E:\java\MyLocalRepository\org\springframework\boot\spring-boot-starter-tomcat\2.1.1.RELEASE\spring-boot-starter-tomcat-2.1.1.RELEASE.jar;E:\java\MyLocalRepository\org\apache\tomcat\embed\tomcat-embed-core\9.0.13\tomcat-embed-core-9.0.13.jar;E:\java\MyLocalRepository\org\apache\tomcat\embed\tomcat-embed-el\9.0.13\tomcat-embed-el-9.0.13.jar;E:\java\MyLocalRepository\org\apache\tomcat\embed\tomcat-embed-websocket\9.0.13\tomcat-embed-websocket-9.0.13.jar;E:\java\MyLocalRepository\org\hibernate\validator\hibernate-validator\6.0.13.Final\hibernate-validator-6.0.13.Final.jar;E:\java\MyLocalRepository\javax\validation\validation-api\2.0.1.Final\validation-api-2.0.1.Final.jar;E:\java\MyLocalRepository\org\jboss\logging\jboss-logging\3.3.2.Final\jboss-logging-3.3.2.Final.jar;E:\java\MyLocalRepository\com\fasterxml\classmate\1.4.0\classmate-1.4.0.jar;E:\java\MyLocalRepository\org\springframework\spring-web\5.1.3.RELEASE\spring-web-5.1.3.RELEASE.jar;E:\java\MyLocalRepository\org\springframework\spring-webmvc\5.1.3.RELEASE\spring-webmvc-5.1.3.RELEASE.jar;E:\java\MyLocalRepository\org\springframework\spring-aop\5.1.3.RELEASE\spring-aop-5.1.3.RELEASE.jar;E:\java\MyLocalRepository\org\springframework\spring-context\5.1.3.RELEASE\spring-context-5.1.3.RELEASE.jar;E:\java\MyLocalRepository\org\springframework\spring-expression\5.1.3.RELEASE\spring-expression-5.1.3.RELEASE.jar;E:\java\MyLocalRepository\com\baomidou\mybatis-plus-boot-starter\3.1.0\mybatis-plus-boot-starter-3.1.0.jar;E:\java\MyLocalRepository\com\baomidou\mybatis-plus\3.1.0\mybatis-plus-3.1.0.jar;E:\java\MyLocalRepository\org\springframework\boot\spring-boot-autoconfigure\2.1.1.RELEASE\spring-boot-autoconfigure-2.1.1.RELEASE.jar;E:\java\MyLocalRepository\com\baomidou\mybatis-plus-generator\3.1.0\mybatis-plus-generator-3.1.0.jar;E:\java\MyLocalRepository\com\baomidou\mybatis-plus-extension\3.1.0\mybatis-plus-extension-3.1.0.jar;E:\java\MyLocalRepository\com\baomidou\mybatis-plus-core\3.1.0\mybatis-plus-core-3.1.0.jar;E:\java\MyLocalRepository\com\baomidou\mybatis-plus-annotation\3.1.0\mybatis-plus-annotation-3.1.0.jar;E:\java\MyLocalRepository\org\mybatis\mybatis\3.5.0\mybatis-3.5.0.jar;E:\java\MyLocalRepository\com\github\jsqlparser\jsqlparser\1.4\jsqlparser-1.4.jar;E:\java\MyLocalRepository\org\mybatis\mybatis-spring\2.0.0\mybatis-spring-2.0.0.jar;E:\java\MyLocalRepository\org\freemarker\freemarker\2.3.28\freemarker-2.3.28.jar;E:\java\MyLocalRepository\com\alibaba\druid-spring-boot-starter\1.1.21\druid-spring-boot-starter-1.1.21.jar;E:\java\MyLocalRepository\com\alibaba\druid\1.1.21\druid-1.1.21.jar;E:\java\MyLocalRepository\org\slf4j\slf4j-api\1.7.25\slf4j-api-1.7.25.jar;E:\java\MyLocalRepository\org\springframework\cloud\spring-cloud-starter-gateway\2.1.1.RELEASE\spring-cloud-starter-gateway-2.1.1.RELEASE.jar;E:\java\MyLocalRepository\org\springframework\cloud\spring-cloud-starter\2.1.1.RELEASE\spring-cloud-starter-2.1.1.RELEASE.jar;E:\java\MyLocalRepository\org\springframework\cloud\spring-cloud-context\2.1.1.RELEASE\spring-cloud-context-2.1.1.RELEASE.jar;E:\java\MyLocalRepository\org\springframework\security\spring-security-crypto\5.1.2.RELEASE\spring-security-crypto-5.1.2.RELEASE.jar;E:\java\MyLocalRepository\org\springframework\cloud\spring-cloud-commons\2.1.1.RELEASE\spring-cloud-commons-2.1.1.RELEASE.jar;E:\java\MyLocalRepository\org\springframework\security\spring-security-rsa\1.0.7.RELEASE\spring-security-rsa-1.0.7.RELEASE.jar;E:\java\MyLocalRepository\org\bouncycastle\bcpkix-jdk15on\1.60\bcpkix-jdk15on-1.60.jar;E:\java\MyLocalRepository\org\bouncycastle\bcprov-jdk15on\1.60\bcprov-jdk15on-1.60.jar;E:\java\MyLocalRepository\org\springframework\cloud\spring-cloud-gateway-core\2.1.1.RELEASE\spring-cloud-gateway-core-2.1.1.RELEASE.jar;E:\java\MyLocalRepository\io\projectreactor\addons\reactor-extra\3.2.0.RELEASE\reactor-extra-3.2.0.RELEASE.jar;E:\java\MyLocalRepository\io\projectreactor\reactor-core\3.2.3.RELEASE\reactor-core-3.2.3.RELEASE.jar;E:\java\MyLocalRepository\org\reactivestreams\reactive-streams\1.0.2\reactive-streams-1.0.2.jar;"/>
    <property name="java.vm.vendor" value="Oracle Corporation"/>
    <property name="sun.arch.data.model" value="64"/>
    <property name="user.variant" value=""/>
    <property name="java.vendor.url" value="http://java.oracle.com/"/>
    <property name="user.timezone" value="Asia/Shanghai"/>
    <property name="user.country.format" value="CN"/>
    <property name="java.vm.specification.version" value="1.8"/>
    <property name="os.name" value="Windows 10"/>
    <property name="user.country" value="US"/>
    <property name="sun.java.launcher" value="SUN_STANDARD"/>
    <property name="sun.boot.library.path" value="D:\Program Files\Java\jdk1.8.0_161\jre\bin"/>
    <property name="sun.java.command" value="C:\Users\Lee\AppData\Local\Temp\surefire3727655093139188943\surefirebooter2309136846463288042.jar C:\Users\Lee\AppData\Local\Temp\surefire3727655093139188943 2020-04-17T01-13-04_636-jvmRun1 surefire7890837202392077198tmp surefire_17519510100643610702tmp"/>
    <property name="surefire.test.class.path" value="E:\project_springCloud\server\target\test-classes;E:\project_springCloud\server\target\classes;E:\project_springCloud\common\target\common-0.0.1-SNAPSHOT.jar;E:\java\MyLocalRepository\org\springframework\boot\spring-boot-starter-jdbc\2.1.1.RELEASE\spring-boot-starter-jdbc-2.1.1.RELEASE.jar;E:\java\MyLocalRepository\org\springframework\boot\spring-boot-starter\2.1.1.RELEASE\spring-boot-starter-2.1.1.RELEASE.jar;E:\java\MyLocalRepository\org\springframework\boot\spring-boot\2.1.1.RELEASE\spring-boot-2.1.1.RELEASE.jar;E:\java\MyLocalRepository\org\springframework\boot\spring-boot-starter-logging\2.1.1.RELEASE\spring-boot-starter-logging-2.1.1.RELEASE.jar;E:\java\MyLocalRepository\ch\qos\logback\logback-classic\1.2.3\logback-classic-1.2.3.jar;E:\java\MyLocalRepository\ch\qos\logback\logback-core\1.2.3\logback-core-1.2.3.jar;E:\java\MyLocalRepository\org\apache\logging\log4j\log4j-to-slf4j\2.11.1\log4j-to-slf4j-2.11.1.jar;E:\java\MyLocalRepository\org\apache\logging\log4j\log4j-api\2.11.1\log4j-api-2.11.1.jar;E:\java\MyLocalRepository\org\slf4j\jul-to-slf4j\1.7.25\jul-to-slf4j-1.7.25.jar;E:\java\MyLocalRepository\javax\annotation\javax.annotation-api\1.3.2\javax.annotation-api-1.3.2.jar;E:\java\MyLocalRepository\org\springframework\spring-core\5.1.3.RELEASE\spring-core-5.1.3.RELEASE.jar;E:\java\MyLocalRepository\org\springframework\spring-jcl\5.1.3.RELEASE\spring-jcl-5.1.3.RELEASE.jar;E:\java\MyLocalRepository\org\yaml\snakeyaml\1.23\snakeyaml-1.23.jar;E:\java\MyLocalRepository\com\zaxxer\HikariCP\3.2.0\HikariCP-3.2.0.jar;E:\java\MyLocalRepository\org\springframework\spring-jdbc\5.1.3.RELEASE\spring-jdbc-5.1.3.RELEASE.jar;E:\java\MyLocalRepository\org\springframework\spring-beans\5.1.3.RELEASE\spring-beans-5.1.3.RELEASE.jar;E:\java\MyLocalRepository\org\springframework\spring-tx\5.1.3.RELEASE\spring-tx-5.1.3.RELEASE.jar;E:\java\MyLocalRepository\org\projectlombok\lombok\1.18.4\lombok-1.18.4.jar;E:\java\MyLocalRepository\com\alibaba\fastjson\1.2.60\fastjson-1.2.60.jar;E:\java\MyLocalRepository\mysql\mysql-connector-java\8.0.18\mysql-connector-java-8.0.18.jar;E:\java\MyLocalRepository\com\google\protobuf\protobuf-java\3.6.1\protobuf-java-3.6.1.jar;E:\java\MyLocalRepository\junit\junit\4.12\junit-4.12.jar;E:\java\MyLocalRepository\org\hamcrest\hamcrest-core\1.3\hamcrest-core-1.3.jar;E:\java\MyLocalRepository\org\springframework\boot\spring-boot-starter-web\2.1.1.RELEASE\spring-boot-starter-web-2.1.1.RELEASE.jar;E:\java\MyLocalRepository\org\springframework\boot\spring-boot-starter-json\2.1.1.RELEASE\spring-boot-starter-json-2.1.1.RELEASE.jar;E:\java\MyLocalRepository\com\fasterxml\jackson\core\jackson-databind\2.9.7\jackson-databind-2.9.7.jar;E:\java\MyLocalRepository\com\fasterxml\jackson\core\jackson-annotations\2.9.0\jackson-annotations-2.9.0.jar;E:\java\MyLocalRepository\com\fasterxml\jackson\core\jackson-core\2.9.7\jackson-core-2.9.7.jar;E:\java\MyLocalRepository\com\fasterxml\jackson\datatype\jackson-datatype-jdk8\2.9.7\jackson-datatype-jdk8-2.9.7.jar;E:\java\MyLocalRepository\com\fasterxml\jackson\datatype\jackson-datatype-jsr310\2.9.7\jackson-datatype-jsr310-2.9.7.jar;E:\java\MyLocalRepository\com\fasterxml\jackson\module\jackson-module-parameter-names\2.9.7\jackson-module-parameter-names-2.9.7.jar;E:\java\MyLocalRepository\org\springframework\boot\spring-boot-starter-tomcat\2.1.1.RELEASE\spring-boot-starter-tomcat-2.1.1.RELEASE.jar;E:\java\MyLocalRepository\org\apache\tomcat\embed\tomcat-embed-core\9.0.13\tomcat-embed-core-9.0.13.jar;E:\java\MyLocalRepository\org\apache\tomcat\embed\tomcat-embed-el\9.0.13\tomcat-embed-el-9.0.13.jar;E:\java\MyLocalRepository\org\apache\tomcat\embed\tomcat-embed-websocket\9.0.13\tomcat-embed-websocket-9.0.13.jar;E:\java\MyLocalRepository\org\hibernate\validator\hibernate-validator\6.0.13.Final\hibernate-validator-6.0.13.Final.jar;E:\java\MyLocalRepository\javax\validation\validation-api\2.0.1.Final\validation-api-2.0.1.Final.jar;E:\java\MyLocalRepository\org\jboss\logging\jboss-logging\3.3.2.Final\jboss-logging-3.3.2.Final.jar;E:\java\MyLocalRepository\com\fasterxml\classmate\1.4.0\classmate-1.4.0.jar;E:\java\MyLocalRepository\org\springframework\spring-web\5.1.3.RELEASE\spring-web-5.1.3.RELEASE.jar;E:\java\MyLocalRepository\org\springframework\spring-webmvc\5.1.3.RELEASE\spring-webmvc-5.1.3.RELEASE.jar;E:\java\MyLocalRepository\org\springframework\spring-aop\5.1.3.RELEASE\spring-aop-5.1.3.RELEASE.jar;E:\java\MyLocalRepository\org\springframework\spring-context\5.1.3.RELEASE\spring-context-5.1.3.RELEASE.jar;E:\java\MyLocalRepository\org\springframework\spring-expression\5.1.3.RELEASE\spring-expression-5.1.3.RELEASE.jar;E:\java\MyLocalRepository\com\baomidou\mybatis-plus-boot-starter\3.1.0\mybatis-plus-boot-starter-3.1.0.jar;E:\java\MyLocalRepository\com\baomidou\mybatis-plus\3.1.0\mybatis-plus-3.1.0.jar;E:\java\MyLocalRepository\org\springframework\boot\spring-boot-autoconfigure\2.1.1.RELEASE\spring-boot-autoconfigure-2.1.1.RELEASE.jar;E:\java\MyLocalRepository\com\baomidou\mybatis-plus-generator\3.1.0\mybatis-plus-generator-3.1.0.jar;E:\java\MyLocalRepository\com\baomidou\mybatis-plus-extension\3.1.0\mybatis-plus-extension-3.1.0.jar;E:\java\MyLocalRepository\com\baomidou\mybatis-plus-core\3.1.0\mybatis-plus-core-3.1.0.jar;E:\java\MyLocalRepository\com\baomidou\mybatis-plus-annotation\3.1.0\mybatis-plus-annotation-3.1.0.jar;E:\java\MyLocalRepository\org\mybatis\mybatis\3.5.0\mybatis-3.5.0.jar;E:\java\MyLocalRepository\com\github\jsqlparser\jsqlparser\1.4\jsqlparser-1.4.jar;E:\java\MyLocalRepository\org\mybatis\mybatis-spring\2.0.0\mybatis-spring-2.0.0.jar;E:\java\MyLocalRepository\org\freemarker\freemarker\2.3.28\freemarker-2.3.28.jar;E:\java\MyLocalRepository\com\alibaba\druid-spring-boot-starter\1.1.21\druid-spring-boot-starter-1.1.21.jar;E:\java\MyLocalRepository\com\alibaba\druid\1.1.21\druid-1.1.21.jar;E:\java\MyLocalRepository\org\slf4j\slf4j-api\1.7.25\slf4j-api-1.7.25.jar;E:\java\MyLocalRepository\org\springframework\cloud\spring-cloud-starter-gateway\2.1.1.RELEASE\spring-cloud-starter-gateway-2.1.1.RELEASE.jar;E:\java\MyLocalRepository\org\springframework\cloud\spring-cloud-starter\2.1.1.RELEASE\spring-cloud-starter-2.1.1.RELEASE.jar;E:\java\MyLocalRepository\org\springframework\cloud\spring-cloud-context\2.1.1.RELEASE\spring-cloud-context-2.1.1.RELEASE.jar;E:\java\MyLocalRepository\org\springframework\security\spring-security-crypto\5.1.2.RELEASE\spring-security-crypto-5.1.2.RELEASE.jar;E:\java\MyLocalRepository\org\springframework\cloud\spring-cloud-commons\2.1.1.RELEASE\spring-cloud-commons-2.1.1.RELEASE.jar;E:\java\MyLocalRepository\org\springframework\security\spring-security-rsa\1.0.7.RELEASE\spring-security-rsa-1.0.7.RELEASE.jar;E:\java\MyLocalRepository\org\bouncycastle\bcpkix-jdk15on\1.60\bcpkix-jdk15on-1.60.jar;E:\java\MyLocalRepository\org\bouncycastle\bcprov-jdk15on\1.60\bcprov-jdk15on-1.60.jar;E:\java\MyLocalRepository\org\springframework\cloud\spring-cloud-gateway-core\2.1.1.RELEASE\spring-cloud-gateway-core-2.1.1.RELEASE.jar;E:\java\MyLocalRepository\io\projectreactor\addons\reactor-extra\3.2.0.RELEASE\reactor-extra-3.2.0.RELEASE.jar;E:\java\MyLocalRepository\io\projectreactor\reactor-core\3.2.3.RELEASE\reactor-core-3.2.3.RELEASE.jar;E:\java\MyLocalRepository\org\reactivestreams\reactive-streams\1.0.2\reactive-streams-1.0.2.jar;"/>
    <property name="sun.cpu.endian" value="little"/>
    <property name="user.home" value="C:\Users\Lee"/>
    <property name="user.language" value="en"/>
    <property name="java.specification.vendor" value="Oracle Corporation"/>
    <property name="java.home" value="D:\Program Files\Java\jdk1.8.0_161\jre"/>
    <property name="basedir" value="E:\project_springCloud\server"/>
    <property name="file.separator" value="\"/>
    <property name="line.separator" value="&#10;"/>
    <property name="java.vm.specification.vendor" value="Oracle Corporation"/>
    <property name="java.specification.name" value="Java Platform API Specification"/>
    <property name="java.awt.graphicsenv" value="sun.awt.Win32GraphicsEnvironment"/>
    <property name="surefire.real.class.path" value="C:\Users\Lee\AppData\Local\Temp\surefire3727655093139188943\surefirebooter2309136846463288042.jar"/>
    <property name="sun.boot.class.path" value="D:\Program Files\Java\jdk1.8.0_161\jre\lib\resources.jar;D:\Program Files\Java\jdk1.8.0_161\jre\lib\rt.jar;D:\Program Files\Java\jdk1.8.0_161\jre\lib\sunrsasign.jar;D:\Program Files\Java\jdk1.8.0_161\jre\lib\jsse.jar;D:\Program Files\Java\jdk1.8.0_161\jre\lib\jce.jar;D:\Program Files\Java\jdk1.8.0_161\jre\lib\charsets.jar;D:\Program Files\Java\jdk1.8.0_161\jre\lib\jfr.jar;D:\Program Files\Java\jdk1.8.0_161\jre\classes"/>
    <property name="user.script" value=""/>
    <property name="sun.management.compiler" value="HotSpot 64-Bit Tiered Compilers"/>
    <property name="java.runtime.version" value="1.8.0_161-b12"/>
    <property name="user.name" value="Lee"/>
    <property name="path.separator" value=";"/>
    <property name="os.version" value="10.0"/>
    <property name="java.endorsed.dirs" value="D:\Program Files\Java\jdk1.8.0_161\jre\lib\endorsed"/>
    <property name="java.runtime.name" value="Java(TM) SE Runtime Environment"/>
    <property name="file.encoding" value="GBK"/>
    <property name="java.vm.name" value="Java HotSpot(TM) 64-Bit Server VM"/>
    <property name="localRepository" value="E:\java\MyLocalRepository"/>
    <property name="java.vendor.url.bug" value="http://bugreport.sun.com/bugreport/"/>
    <property name="java.io.tmpdir" value="C:\Users\Lee\AppData\Local\Temp\"/>
    <property name="java.version" value="1.8.0_161"/>
    <property name="user.dir" value="E:\project_springCloud\server"/>
    <property name="os.arch" value="amd64"/>
    <property name="java.vm.specification.name" value="Java Virtual Machine Specification"/>
    <property name="java.awt.printerjob" value="sun.awt.windows.WPrinterJob"/>
    <property name="user.language.format" value="zh"/>
    <property name="sun.os.patch.level" value=""/>
    <property name="java.library.path" value="D:\Program Files\Java\jdk1.8.0_161\jre\bin;C:\WINDOWS\Sun\Java\bin;C:\WINDOWS\system32;C:\WINDOWS;C:\Users\Lee\bin;E:\Program Files\Git\mingw64\bin;E:\Program Files\Git\usr\local\bin;E:\Program Files\Git\usr\bin;E:\Program Files\Git\usr\bin;E:\Program Files\Git\mingw64\bin;E:\Program Files\Git\usr\bin;C:\Users\Lee\bin;E:\Program Files (x86)\NetSarang\Xshell 6;E:\Program Files (x86)\NetSarang\Xftp 6;C:\ProgramData\Oracle\Java\javapath;D:\Program Files\Java\jdk1.8.0_161bin;C:\WINDOWS\system32;C:\WINDOWS;C:\WINDOWS\System32\Wbem;C:\WINDOWS\System32\WindowsPowerShell\v1.0;C:\WINDOWS\System32\OpenSSH;E:\Program Files\Git\cmd;E:\java\apache-maven-3.5.3\bin;C:\Users\Lee\AppData\Local\Microsoft\WindowsApps;E:\Program Files\Git\usr\bin\vendor_perl;E:\Program Files\Git\usr\bin\core_perl;."/>
    <property name="java.vm.info" value="mixed mode"/>
    <property name="java.vendor" value="Oracle Corporation"/>
    <property name="java.vm.version" value="25.161-b12"/>
    <property name="java.ext.dirs" value="D:\Program Files\Java\jdk1.8.0_161\jre\lib\ext;C:\WINDOWS\Sun\Java\lib\ext"/>
    <property name="sun.io.unicode.encoding" value="UnicodeLittle"/>
    <property name="java.class.version" value="52.0"/>
  </properties>
  <testcase name="testApp" classname="com.javbus.server.AppTest" time="0.001"/>
</testsuite>